<?xml version="1.0" encoding="UTF-8"?>
<!-- Generated by org.testng.reporters.JUnitReportReporter -->
<testsuite hostname="DESKTOP-KU2KOEA" failures="0" tests="6" name="selenium.Testing1" time="0.011" errors="0" timestamp="2022-04-19T14:16:22 EDT" skipped="0">
  <testcase classname="selenium.Testing1" name="test1" time="0.002"/>
  <system-out/>
  <testcase classname="selenium.Testing1" name="test1" time="0.005"/>
  <system-out/>
  <testcase classname="selenium.Testing1" name="test3" time="0.001"/>
  <system-out/>
  <testcase classname="selenium.Testing1" name="test2" time="0.000"/>
  <system-out/>
  <testcase classname="selenium.Testing1" name="testDataProvider" time="0.001"/>
  <system-out/>
  <testcase classname="selenium.Testing1" name="testDataProvider" time="0.002"/>
  <system-out/>
</testsuite> <!-- selenium.Testing1 -->
